<?xml version="1.0" encoding="UTF-8" standalone="yes"?>
<ns2:test-suite start="1463749502335" stop="1463749502799" version="1.4.23" xmlns:ns2="urn:model.allure.qatools.yandex.ru">
    <name>operations.tests.Tests</name>
    <test-cases>
        <test-case start="1463749502364" stop="1463749502369" status="passed">
            <name>test1[0: does 4 / 2 evaluates to 2?]</name>
            <steps/>
            <attachments/>
            <labels>
                <label name="host" value="DESKTOP-73S0VDU"/>
                <label name="thread" value="9792@DESKTOP-73S0VDU.main(1)"/>
            </labels>
            <parameters>
                <parameter name="Operand 1" value="4" kind="environment-variable"/>
                <parameter name="Operand 2" value="2" kind="environment-variable"/>
                <parameter name="Operation" value="/" kind="environment-variable"/>
                <parameter name="Result" value="2" kind="environment-variable"/>
            </parameters>
        </test-case>
        <test-case start="1463749502719" stop="1463749502719" status="passed">
            <name>test1[1: does 5 * 10 evaluates to 50?]</name>
            <steps/>
            <attachments/>
            <labels>
                <label name="host" value="DESKTOP-73S0VDU"/>
                <label name="thread" value="9792@DESKTOP-73S0VDU.main(1)"/>
            </labels>
            <parameters>
                <parameter name="Operand 1" value="5" kind="environment-variable"/>
                <parameter name="Operand 2" value="10" kind="environment-variable"/>
                <parameter name="Operation" value="*" kind="environment-variable"/>
                <parameter name="Result" value="50" kind="environment-variable"/>
            </parameters>
        </test-case>
        <test-case start="1463749502744" stop="1463749502745" status="passed">
            <name>test1[2: does 1 + 2 evaluates to 3?]</name>
            <steps/>
            <attachments/>
            <labels>
                <label name="host" value="DESKTOP-73S0VDU"/>
                <label name="thread" value="9792@DESKTOP-73S0VDU.main(1)"/>
            </labels>
            <parameters>
                <parameter name="Operand 1" value="1" kind="environment-variable"/>
                <parameter name="Operand 2" value="2" kind="environment-variable"/>
                <parameter name="Operation" value="+" kind="environment-variable"/>
                <parameter name="Result" value="3" kind="environment-variable"/>
            </parameters>
        </test-case>
        <test-case start="1463749502750" stop="1463749502751" status="passed">
            <name>test1[3: does 7 - 3 evaluates to 4?]</name>
            <steps/>
            <attachments/>
            <labels>
                <label name="host" value="DESKTOP-73S0VDU"/>
                <label name="thread" value="9792@DESKTOP-73S0VDU.main(1)"/>
            </labels>
            <parameters>
                <parameter name="Operand 1" value="7" kind="environment-variable"/>
                <parameter name="Operand 2" value="3" kind="environment-variable"/>
                <parameter name="Operation" value="-" kind="environment-variable"/>
                <parameter name="Result" value="4" kind="environment-variable"/>
            </parameters>
        </test-case>
        <test-case start="1463749502755" stop="1463749502795" status="failed">
            <name>test1[4: does 8 - 1 evaluates to 6?]</name>
            <failure>
                <message>AssertionError: expected:&lt;7.0&gt; but was:&lt;6.0&gt;</message>
                <stack-trace>java.lang.AssertionError: expected:&lt;7.0&gt; but was:&lt;6.0&gt;
	at org.junit.Assert.fail(Assert.java:88)
	at org.junit.Assert.failNotEquals(Assert.java:834)
	at org.junit.Assert.assertEquals(Assert.java:553)
	at org.junit.Assert.assertEquals(Assert.java:683)
	at operations.tests.Tests.test1(Tests.java:69)
	at sun.reflect.NativeMethodAccessorImpl.invoke0(Native Method)
	at sun.reflect.NativeMethodAccessorImpl.invoke(NativeMethodAccessorImpl.java:62)
	at sun.reflect.DelegatingMethodAccessorImpl.invoke(DelegatingMethodAccessorImpl.java:43)
	at java.lang.reflect.Method.invoke(Method.java:498)
	at org.junit.runners.model.FrameworkMethod$1.runReflectiveCall(FrameworkMethod.java:50)
	at org.junit.internal.runners.model.ReflectiveCallable.run(ReflectiveCallable.java:12)
	at org.junit.runners.model.FrameworkMethod.invokeExplosively(FrameworkMethod.java:47)
	at org.junit.internal.runners.statements.InvokeMethod.evaluate(InvokeMethod.java:17)
	at org.junit.runners.ParentRunner.runLeaf(ParentRunner.java:325)
	at org.junit.runners.BlockJUnit4ClassRunner.runChild(BlockJUnit4ClassRunner.java:78)
	at org.junit.runners.BlockJUnit4ClassRunner.runChild(BlockJUnit4ClassRunner.java:57)
	at org.junit.runners.ParentRunner$3.run(ParentRunner.java:290)
	at org.junit.runners.ParentRunner$1.schedule(ParentRunner.java:71)
	at org.junit.runners.ParentRunner.runChildren(ParentRunner.java:288)
	at org.junit.runners.ParentRunner.access$000(ParentRunner.java:58)
	at org.junit.runners.ParentRunner$2.evaluate(ParentRunner.java:268)
	at org.junit.runners.ParentRunner.run(ParentRunner.java:363)
	at org.junit.runners.Suite.runChild(Suite.java:128)
	at org.junit.runners.Suite.runChild(Suite.java:27)
	at org.junit.runners.ParentRunner$3.run(ParentRunner.java:290)
	at org.junit.runners.ParentRunner$1.schedule(ParentRunner.java:71)
	at org.junit.runners.ParentRunner.runChildren(ParentRunner.java:288)
	at org.junit.runners.ParentRunner.access$000(ParentRunner.java:58)
	at org.junit.runners.ParentRunner$2.evaluate(ParentRunner.java:268)
	at org.junit.runners.ParentRunner.run(ParentRunner.java:363)
	at org.apache.maven.surefire.junit4.JUnit4Provider.execute(JUnit4Provider.java:283)
	at org.apache.maven.surefire.junit4.JUnit4Provider.executeWithRerun(JUnit4Provider.java:173)
	at org.apache.maven.surefire.junit4.JUnit4Provider.executeTestSet(JUnit4Provider.java:153)
	at org.apache.maven.surefire.junit4.JUnit4Provider.invoke(JUnit4Provider.java:128)
	at org.apache.maven.surefire.booter.ForkedBooter.invokeProviderInSameClassLoader(ForkedBooter.java:203)
	at org.apache.maven.surefire.booter.ForkedBooter.runSuitesInProcess(ForkedBooter.java:155)
	at org.apache.maven.surefire.booter.ForkedBooter.main(ForkedBooter.java:103)
</stack-trace>
            </failure>
            <steps/>
            <attachments/>
            <labels>
                <label name="host" value="DESKTOP-73S0VDU"/>
                <label name="thread" value="9792@DESKTOP-73S0VDU.main(1)"/>
            </labels>
            <parameters>
                <parameter name="Operand 1" value="8" kind="environment-variable"/>
                <parameter name="Operand 2" value="1" kind="environment-variable"/>
                <parameter name="Operation" value="-" kind="environment-variable"/>
                <parameter name="Result" value="6" kind="environment-variable"/>
            </parameters>
        </test-case>
    </test-cases>
    <labels>
        <label name="feature" value="Basic math operations"/>
        <label name="framework" value="JUnit"/>
        <label name="language" value="JAVA"/>
    </labels>
</ns2:test-suite>
